2020-04-02 11:56:49,886 - INFO - /Users/samho/workspace/mymedia-flask/applications/utils/logger.py:72 - logger.py - Module:logger - Func:<module> - 7564 - MainThread - test level4
2020-04-02 11:56:49,886 - INFO - /Users/samho/workspace/mymedia-flask/applications/utils/logger.py:72 - logger.py - Module:logger - Func:<module> - test level4
2020-04-08 16:34:15,679 - INFO - /Users/samho/workspace/mymedia-flask/applications/users/views.pyc:73 - views.py - Module:views - Func:delete_user - 4099 - Thread-19 - Delete success.
2020-04-11 22:43:54,845 - INFO - /home/samho/workspace/mymedia-flask/applications/users/views.pyc:106 - views.py - Module:views - Func:update_user - 14430 - Thread-6 - Update success.
2020-04-11 23:11:36,556 - INFO - /home/samho/workspace/mymedia-flask/applications/users/views.pyc:106 - views.py - Module:views - Func:update_user - 17257 - Thread-7 - Update success.
2020-04-14 17:46:22,073 - INFO - /Users/samho/workspace/mymedia-flask/applications/mediatype/views.pyc:70 - views.py - Module:views - Func:create_mediatype - 47149 - Thread-8 - Media type is existed.
2020-04-14 17:46:31,862 - INFO - /Users/samho/workspace/mymedia-flask/applications/mediatype/views.pyc:70 - views.py - Module:views - Func:create_mediatype - 47149 - Thread-13 - Media type is existed.
2020-04-14 17:49:13,819 - INFO - /Users/samho/workspace/mymedia-flask/applications/mediatype/views.py:64 - views.py - Module:views - Func:create_mediatype - 47232 - Thread-6 - Saving new media type to db.
2020-04-14 17:50:00,558 - INFO - /Users/samho/workspace/mymedia-flask/applications/mediatype/views.py:64 - views.py - Module:views - Func:create_mediatype - 47261 - Thread-6 - Saving new media type to db.
2020-04-14 17:50:00,562 - INFO - /Users/samho/workspace/mymedia-flask/applications/mediatype/views.py:66 - views.py - Module:views - Func:create_mediatype - 47261 - Thread-6 - Save new media type complete, status: True.
2020-04-14 17:57:45,467 - INFO - /Users/samho/workspace/mymedia-flask/applications/mediatype/views.py:70 - views.py - Module:views - Func:create_mediatype - 47495 - Thread-37 - Media type is existed.
2020-04-14 17:58:47,049 - INFO - /Users/samho/workspace/mymedia-flask/applications/mediatype/views.py:64 - views.py - Module:views - Func:create_mediatype - 47495 - Thread-44 - Saving new media type to db.
2020-04-14 17:58:47,052 - INFO - /Users/samho/workspace/mymedia-flask/applications/mediatype/views.py:66 - views.py - Module:views - Func:create_mediatype - 47495 - Thread-44 - Save new media type complete, status: True.
2020-04-14 18:05:02,647 - INFO - /Users/samho/workspace/mymedia-flask/applications/mediatype/views.py:64 - views.py - Module:views - Func:create_mediatype - 47642 - Thread-46 - Saving new media type to db.
2020-04-14 18:05:02,651 - INFO - /Users/samho/workspace/mymedia-flask/applications/mediatype/views.py:66 - views.py - Module:views - Func:create_mediatype - 47642 - Thread-46 - Save new media type complete, status: True.
2020-04-14 18:05:12,424 - INFO - /Users/samho/workspace/mymedia-flask/applications/mediatype/views.py:64 - views.py - Module:views - Func:create_mediatype - 47642 - Thread-53 - Saving new media type to db.
2020-04-14 18:05:12,427 - INFO - /Users/samho/workspace/mymedia-flask/applications/mediatype/views.py:66 - views.py - Module:views - Func:create_mediatype - 47642 - Thread-53 - Save new media type complete, status: True.
2020-04-14 18:05:37,249 - INFO - /Users/samho/workspace/mymedia-flask/applications/mediatype/views.py:64 - views.py - Module:views - Func:create_mediatype - 47642 - Thread-67 - Saving new media type to db.
2020-04-14 18:05:37,251 - INFO - /Users/samho/workspace/mymedia-flask/applications/mediatype/views.py:66 - views.py - Module:views - Func:create_mediatype - 47642 - Thread-67 - Save new media type complete, status: True.
2020-04-14 18:06:56,194 - INFO - /Users/samho/workspace/mymedia-flask/applications/mediatype/views.pyc:64 - views.py - Module:views - Func:create_mediatype - 47713 - Thread-40 - Saving new media type to db.
2020-04-14 18:06:56,199 - INFO - /Users/samho/workspace/mymedia-flask/applications/mediatype/views.pyc:66 - views.py - Module:views - Func:create_mediatype - 47713 - Thread-40 - Save new media type complete, status: True.
2020-04-14 18:07:59,125 - INFO - /Users/samho/workspace/mymedia-flask/applications/mediatype/views.pyc:64 - views.py - Module:views - Func:create_mediatype - 47713 - Thread-58 - Saving new media type to db.
2020-04-14 18:07:59,128 - INFO - /Users/samho/workspace/mymedia-flask/applications/mediatype/views.pyc:66 - views.py - Module:views - Func:create_mediatype - 47713 - Thread-58 - Save new media type complete, status: True.
2020-04-14 18:08:16,967 - INFO - /Users/samho/workspace/mymedia-flask/applications/mediatype/views.pyc:64 - views.py - Module:views - Func:create_mediatype - 47713 - Thread-71 - Saving new media type to db.
2020-04-14 18:08:16,971 - INFO - /Users/samho/workspace/mymedia-flask/applications/mediatype/views.pyc:66 - views.py - Module:views - Func:create_mediatype - 47713 - Thread-71 - Save new media type complete, status: True.
2020-04-14 18:09:02,641 - INFO - /Users/samho/workspace/mymedia-flask/applications/mediatype/views.pyc:64 - views.py - Module:views - Func:create_mediatype - 47713 - Thread-92 - Saving new media type to db.
2020-04-14 18:09:02,643 - INFO - /Users/samho/workspace/mymedia-flask/applications/mediatype/views.pyc:66 - views.py - Module:views - Func:create_mediatype - 47713 - Thread-92 - Save new media type complete, status: True.
2020-04-14 18:09:20,004 - INFO - /Users/samho/workspace/mymedia-flask/applications/mediatype/views.pyc:64 - views.py - Module:views - Func:create_mediatype - 47713 - Thread-99 - Saving new media type to db.
2020-04-14 18:09:20,007 - INFO - /Users/samho/workspace/mymedia-flask/applications/mediatype/views.pyc:66 - views.py - Module:views - Func:create_mediatype - 47713 - Thread-99 - Save new media type complete, status: True.
2020-04-14 18:10:17,538 - INFO - /Users/samho/workspace/mymedia-flask/applications/mediatype/views.pyc:64 - views.py - Module:views - Func:create_mediatype - 47713 - Thread-120 - Saving new media type to db.
2020-04-14 18:10:17,541 - INFO - /Users/samho/workspace/mymedia-flask/applications/mediatype/views.pyc:66 - views.py - Module:views - Func:create_mediatype - 47713 - Thread-120 - Save new media type complete, status: True.
2020-04-14 18:10:33,647 - INFO - /Users/samho/workspace/mymedia-flask/applications/mediatype/views.pyc:64 - views.py - Module:views - Func:create_mediatype - 47713 - Thread-134 - Saving new media type to db.
2020-04-14 18:10:33,650 - INFO - /Users/samho/workspace/mymedia-flask/applications/mediatype/views.pyc:66 - views.py - Module:views - Func:create_mediatype - 47713 - Thread-134 - Save new media type complete, status: True.
2020-04-14 18:10:58,903 - INFO - /Users/samho/workspace/mymedia-flask/applications/mediatype/views.pyc:64 - views.py - Module:views - Func:create_mediatype - 47713 - Thread-141 - Saving new media type to db.
2020-04-14 18:10:58,906 - INFO - /Users/samho/workspace/mymedia-flask/applications/mediatype/views.pyc:66 - views.py - Module:views - Func:create_mediatype - 47713 - Thread-141 - Save new media type complete, status: True.
2020-04-14 18:11:10,536 - INFO - /Users/samho/workspace/mymedia-flask/applications/mediatype/views.pyc:64 - views.py - Module:views - Func:create_mediatype - 47713 - Thread-148 - Saving new media type to db.
2020-04-14 18:11:10,539 - INFO - /Users/samho/workspace/mymedia-flask/applications/mediatype/views.pyc:66 - views.py - Module:views - Func:create_mediatype - 47713 - Thread-148 - Save new media type complete, status: True.
2020-04-14 18:11:23,898 - INFO - /Users/samho/workspace/mymedia-flask/applications/mediatype/views.pyc:64 - views.py - Module:views - Func:create_mediatype - 47713 - Thread-154 - Saving new media type to db.
2020-04-14 18:11:23,901 - INFO - /Users/samho/workspace/mymedia-flask/applications/mediatype/views.pyc:66 - views.py - Module:views - Func:create_mediatype - 47713 - Thread-154 - Save new media type complete, status: True.
2020-04-14 18:16:51,300 - INFO - /Users/samho/workspace/mymedia-flask/applications/mediatype/views.py:64 - views.py - Module:views - Func:create_mediatype - 47960 - Thread-40 - Saving new media type to db.
2020-04-14 18:16:51,306 - INFO - /Users/samho/workspace/mymedia-flask/applications/mediatype/views.py:66 - views.py - Module:views - Func:create_mediatype - 47960 - Thread-40 - Save new media type complete, status: True.
